<?xml version="1.0" encoding="UTF-8"?>
<!-- Generated by org.testng.reporters.JUnitReportReporter -->
<testsuite skipped="0" hostname="DESKTOP-R38D3PB" name="pages.AmazonLogin" tests="1" failures="0" timestamp="09 Nov 2018 09:54:55 GMT" time="19.098" errors="0">
  <testcase name="testConfig" time="19.098" classname="pages.AmazonLogin"/>
</testsuite> <!-- pages.AmazonLogin -->
