<?xml version="1.0" encoding="UTF-8"?>
<!-- Generated by org.testng.reporters.JUnitReportReporter -->
<testsuite skipped="0" hostname="DESKTOP-R38D3PB" name="pages.TestBase" tests="1" failures="0" timestamp="09 Nov 2018 09:51:09 GMT" time="0.018" errors="0">
  <testcase name="start" time="0.018" classname="pages.TestBase"/>
</testsuite> <!-- pages.TestBase -->
