<?xml version="1.0" encoding="UTF-8"?>
<!-- Generated by org.testng.reporters.JUnitReportReporter -->
<testsuite skipped="0" hostname="DESKTOP-R38D3PB" name="utility.DataDriven" tests="1" failures="0" timestamp="11 Nov 2018 19:02:38 GMT" time="1.465" errors="0">
  <testcase name="dataReader" time="1.465" classname="utility.DataDriven"/>
</testsuite> <!-- utility.DataDriven -->
