<?xml version="1.0" encoding="UTF-8"?>
<!-- Generated by org.testng.reporters.JUnitReportReporter -->
<testsuite skipped="0" hostname="DESKTOP-R38D3PB" name="pages.HomeTest" tests="1" failures="0" timestamp="10 Nov 2018 10:51:59 GMT" time="0.036" errors="1">
  <testcase name="Login" time="0.036" classname="pages.HomeTest">
    <error type="java.lang.Error" message="Unresolved compilation problems: 
	HomeTest.WebDriver cannot be resolved to a type
	Syntax error on token &quot;(&quot;, . expected
	Duplicate local variable driver
	Illegal modifier for parameter driver; only final is permitted
	Syntax error on token &quot;)&quot;, ; expected
	driver cannot be resolved or is not a field
	The annotation @FindBy is disallowed for this location
	The annotation @FindBy is disallowed for this location
	Syntax error, insert &quot;VariableDeclarators&quot; to complete LocalVariableDeclaration
	Syntax error, insert &quot;;&quot; to complete LocalVariableDeclarationStatement
	The method Search() is undefined for the type HomeTest
	Syntax error, insert &quot;;&quot; to complete Statement
	Void methods cannot return a value
	Syntax error, insert &quot;VariableDeclarators&quot; to complete LocalVariableDeclaration
	Syntax error, insert &quot;;&quot; to complete LocalVariableDeclarationStatement
	The method Submit() is undefined for the type HomeTest
	Syntax error, insert &quot;;&quot; to complete Statement
">
      <![CDATA[java.lang.Error: Unresolved compilation problems: 
HomeTest.WebDriver cannot be resolved to a type
Syntax error on token "(", . expected
Duplicate local variable driver
Illegal modifier for parameter driver; only final is permitted
Syntax error on token ")", ; expected
driver cannot be resolved or is not a field
The annotation @FindBy is disallowed for this location
The annotation @FindBy is disallowed for this location
Syntax error, insert "VariableDeclarators" to complete LocalVariableDeclaration
Syntax error, insert ";" to complete LocalVariableDeclarationStatement
The method Search() is undefined for the type HomeTest
Syntax error, insert ";" to complete Statement
Void methods cannot return a value
Syntax error, insert "VariableDeclarators" to complete LocalVariableDeclaration
Syntax error, insert ";" to complete LocalVariableDeclarationStatement
The method Submit() is undefined for the type HomeTest
Syntax error, insert ";" to complete Statement

at pages.HomeTest.Login(HomeTest.java:15)
at sun.reflect.NativeMethodAccessorImpl.invoke0(Native Method)
at sun.reflect.NativeMethodAccessorImpl.invoke(Unknown Source)
at sun.reflect.DelegatingMethodAccessorImpl.invoke(Unknown Source)
at java.lang.reflect.Method.invoke(Unknown Source)
at org.testng.internal.MethodInvocationHelper.invokeMethod(MethodInvocationHelper.java:124)
at org.testng.internal.Invoker.invokeMethod(Invoker.java:580)
at org.testng.internal.Invoker.invokeTestMethod(Invoker.java:716)
at org.testng.internal.Invoker.invokeTestMethods(Invoker.java:988)
at org.testng.internal.TestMethodWorker.invokeTestMethods(TestMethodWorker.java:125)
at org.testng.internal.TestMethodWorker.run(TestMethodWorker.java:109)
at org.testng.TestRunner.privateRun(TestRunner.java:648)
at org.testng.TestRunner.run(TestRunner.java:505)
at org.testng.SuiteRunner.runTest(SuiteRunner.java:455)
at org.testng.SuiteRunner.runSequentially(SuiteRunner.java:450)
at org.testng.SuiteRunner.privateRun(SuiteRunner.java:415)
at org.testng.SuiteRunner.run(SuiteRunner.java:364)
at org.testng.SuiteRunnerWorker.runSuite(SuiteRunnerWorker.java:52)
at org.testng.SuiteRunnerWorker.run(SuiteRunnerWorker.java:84)
at org.testng.TestNG.runSuitesSequentially(TestNG.java:1208)
at org.testng.TestNG.runSuitesLocally(TestNG.java:1137)
at org.testng.TestNG.runSuites(TestNG.java:1049)
at org.testng.TestNG.run(TestNG.java:1017)
at org.testng.remote.AbstractRemoteTestNG.run(AbstractRemoteTestNG.java:114)
at org.testng.remote.RemoteTestNG.initAndRun(RemoteTestNG.java:251)
at org.testng.remote.RemoteTestNG.main(RemoteTestNG.java:77)
]]>
    </error>
  </testcase> <!-- Login -->
</testsuite> <!-- pages.HomeTest -->
